-------------------------------------------------------------------------------
Test set: com.manage.order.item.OrderItemManagementServiceApplicationTests
-------------------------------------------------------------------------------
Tests run: 1, Failures: 0, Errors: 1, Skipped: 0, Time elapsed: 106.011 s <<< FAILURE! - in com.manage.order.item.OrderItemManagementServiceApplicationTests
contextLoads  Time elapsed: 0.081 s  <<< ERROR!
java.lang.IllegalStateException: Failed to load ApplicationContext
Caused by: org.springframework.beans.factory.BeanCreationException: Error creating bean with name 'orderItemRepository': FactoryBean threw exception on object creation; nested exception is java.lang.IllegalArgumentException: Failed to create query for method public abstract java.util.List com.manage.order.item.repository.OrderItemRepository.findByProductCodes(java.util.List)! No property productCodes found for type OrderItem! Did you mean 'productCode'?
Caused by: java.lang.IllegalArgumentException: Failed to create query for method public abstract java.util.List com.manage.order.item.repository.OrderItemRepository.findByProductCodes(java.util.List)! No property productCodes found for type OrderItem! Did you mean 'productCode'?
Caused by: org.springframework.data.mapping.PropertyReferenceException: No property productCodes found for type OrderItem! Did you mean 'productCode'?

